[25-Aug-2025 17:49:04 UTC] PHP Warning:  Undefined array key "points" in /var/www/html/quiz.php on line 61
[25-Aug-2025 17:49:38 UTC] PHP Warning:  Undefined array key "points" in /var/www/html/quiz.php on line 61
[25-Aug-2025 17:50:00 UTC] PHP Warning:  Undefined array key "points" in /var/www/html/quiz.php on line 61
[25-Aug-2025 17:50:27 UTC] PHP Warning:  Undefined array key "points" in /var/www/html/quiz.php on line 61
[25-Aug-2025 19:08:31 UTC] PHP Warning:  Undefined array key "points" in /var/www/html/quiz.php on line 61
[25-Aug-2025 19:09:21 UTC] PHP Warning:  Undefined array key "points" in /var/www/html/quiz.php on line 61
[25-Aug-2025 19:10:11 UTC] PHP Warning:  Undefined array key "points" in /var/www/html/quiz.php on line 61
[25-Aug-2025 19:46:47 UTC] PHP Warning:  Array to string conversion in /var/www/html/quiz.php on line 47
[25-Aug-2025 19:46:47 UTC] PHP Warning:  Undefined variable $Array in /var/www/html/quiz.php on line 47
[25-Aug-2025 19:46:47 UTC] PHP Fatal error:  Uncaught TypeError: in_array(): Argument #2 ($haystack) must be of type array, null given in /var/www/html/quiz.php:47
Stack trace:
#0 /var/www/html/quiz.php(47): in_array('ru', NULL, true)
#1 {main}
  thrown in /var/www/html/quiz.php on line 47
[25-Aug-2025 19:46:47 UTC] PHP Warning:  Cannot modify header information - headers already sent by (output started at /var/www/html/quiz.php:47) in /var/www/html/quiz.php on line 13
[25-Aug-2025 19:46:51 UTC] PHP Warning:  Array to string conversion in /var/www/html/quiz.php on line 47
[25-Aug-2025 19:46:51 UTC] PHP Warning:  Undefined variable $Array in /var/www/html/quiz.php on line 47
[25-Aug-2025 19:46:51 UTC] PHP Fatal error:  Uncaught TypeError: in_array(): Argument #2 ($haystack) must be of type array, null given in /var/www/html/quiz.php:47
Stack trace:
#0 /var/www/html/quiz.php(47): in_array('ru', NULL, true)
#1 {main}
  thrown in /var/www/html/quiz.php on line 47
[25-Aug-2025 19:46:51 UTC] PHP Warning:  Cannot modify header information - headers already sent by (output started at /var/www/html/quiz.php:47) in /var/www/html/quiz.php on line 13
[25-Aug-2025 19:46:55 UTC] PHP Warning:  Array to string conversion in /var/www/html/quiz.php on line 47
[25-Aug-2025 19:46:55 UTC] PHP Warning:  Undefined variable $Array in /var/www/html/quiz.php on line 47
[25-Aug-2025 19:46:55 UTC] PHP Fatal error:  Uncaught TypeError: in_array(): Argument #2 ($haystack) must be of type array, null given in /var/www/html/quiz.php:47
Stack trace:
#0 /var/www/html/quiz.php(47): in_array('ru', NULL, true)
#1 {main}
  thrown in /var/www/html/quiz.php on line 47
[25-Aug-2025 19:46:55 UTC] PHP Warning:  Cannot modify header information - headers already sent by (output started at /var/www/html/quiz.php:47) in /var/www/html/quiz.php on line 13
[25-Aug-2025 19:51:14 UTC] PHP Warning:  Array to string conversion in /var/www/html/quiz.php on line 47
[25-Aug-2025 19:51:14 UTC] PHP Warning:  Undefined variable $Array in /var/www/html/quiz.php on line 47
[25-Aug-2025 19:51:14 UTC] PHP Fatal error:  Uncaught TypeError: in_array(): Argument #2 ($haystack) must be of type array, null given in /var/www/html/quiz.php:47
Stack trace:
#0 /var/www/html/quiz.php(47): in_array('ru', NULL, true)
#1 {main}
  thrown in /var/www/html/quiz.php on line 47
[25-Aug-2025 19:51:14 UTC] PHP Warning:  Cannot modify header information - headers already sent by (output started at /var/www/html/quiz.php:47) in /var/www/html/quiz.php on line 13
[25-Aug-2025 19:51:17 UTC] PHP Warning:  Array to string conversion in /var/www/html/quiz.php on line 47
[25-Aug-2025 19:51:17 UTC] PHP Warning:  Undefined variable $Array in /var/www/html/quiz.php on line 47
[25-Aug-2025 19:51:17 UTC] PHP Fatal error:  Uncaught TypeError: in_array(): Argument #2 ($haystack) must be of type array, null given in /var/www/html/quiz.php:47
Stack trace:
#0 /var/www/html/quiz.php(47): in_array('ru', NULL, true)
#1 {main}
  thrown in /var/www/html/quiz.php on line 47
[25-Aug-2025 19:51:17 UTC] PHP Warning:  Cannot modify header information - headers already sent by (output started at /var/www/html/quiz.php:47) in /var/www/html/quiz.php on line 13
[12-Sep-2025 18:44:48 UTC] PHP Fatal error:  Uncaught PDOException: SQLSTATE[HY000] [2002] No such file or directory in /var/www/html/quiz.php:25
Stack trace:
#0 /var/www/html/quiz.php(25): PDO->__construct('mysql:host=loca...', 'root', Object(SensitiveParameterValue), Array)
#1 /var/www/html/quiz.php(102): pdo()
#2 {main}
  thrown in /var/www/html/quiz.php on line 25
[12-Sep-2025 18:44:48 UTC] PHP Warning:  Cannot modify header information - headers already sent in /var/www/html/quiz.php on line 13
[12-Sep-2025 18:44:50 UTC] PHP Fatal error:  Uncaught PDOException: SQLSTATE[HY000] [2002] No such file or directory in /var/www/html/quiz.php:25
Stack trace:
#0 /var/www/html/quiz.php(25): PDO->__construct('mysql:host=loca...', 'root', Object(SensitiveParameterValue), Array)
#1 /var/www/html/quiz.php(102): pdo()
#2 {main}
  thrown in /var/www/html/quiz.php on line 25
[12-Sep-2025 18:44:50 UTC] PHP Warning:  Cannot modify header information - headers already sent in /var/www/html/quiz.php on line 13
